Removed Pin From Net: NetName=3V3_MC Pin=D1-1
Removed Pin From Net: NetName=NetD1_2 Pin=D1-2
Removed Pin From Net: NetName=NetD2_1 Pin=D2-1
Removed Pin From Net: NetName=GND Pin=D2-2
Removed Pin From Net: NetName=NetD3_1 Pin=D3-1
Removed Pin From Net: NetName=GND Pin=D3-2
Removed Pin From Net: NetName=NetD4_1 Pin=D4-1
Removed Pin From Net: NetName=GND Pin=D4-2
Removed Pin From Net: NetName=NetD5_1 Pin=D5-1
Removed Pin From Net: NetName=NetD5_2 Pin=D5-2
Removed Pin From Net: NetName=NetD7_1 Pin=D7-1
Removed Pin From Net: NetName=Net*_7 Pin=D7-2
Removed Pin From Net: NetName=NetD8_1 Pin=D8-1
Removed Pin From Net: NetName=Net*_8 Pin=D8-2
Removed Pin From Net: NetName=NetD9_1 Pin=D9-1
Removed Pin From Net: NetName=Net*_9 Pin=D9-2
Removed Pin From Net: NetName=NetD10_1 Pin=D10-1
Removed Pin From Net: NetName=Net*_10 Pin=D10-2
Removed Pin From Net: NetName=NetD11_1 Pin=D11-1
Removed Pin From Net: NetName=GND Pin=D11-2
Removed Pin From Net: NetName=NetD12_1 Pin=D12-1
Removed Pin From Net: NetName=GND Pin=D12-2
Added Component: Designator=D1(LED_0805_Blue)
Add component. Clean all parameters for all variants
Added Component: Designator=D2(LED_0805_Blue)
Add component. Clean all parameters for all variants
Added Component: Designator=D3(LED_0805_Blue)
Add component. Clean all parameters for all variants
Added Component: Designator=D4(LED_0805_Blue)
Add component. Clean all parameters for all variants
Added Component: Designator=D5(LED_0805_Blue)
Add component. Clean all parameters for all variants
Added Component: Designator=D7(LED_0805_Blue)
Add component. Clean all parameters for all variants
Added Component: Designator=D8(LED_0805_Blue)
Add component. Clean all parameters for all variants
Added Component: Designator=D9(LED_0805_Blue)
Add component. Clean all parameters for all variants
Added Component: Designator=D10(LED_0805_Blue)
Add component. Clean all parameters for all variants
Added Component: Designator=D11(LED_0805_Blue)
Add component. Clean all parameters for all variants
Added Component: Designator=D12(LED_0805_Blue)
Add component. Clean all parameters for all variants
Added Pin To Net: NetName=3V3_MC Pin=D1-1
Added Pin To Net: NetName=NetD1_2 Pin=D1-2
Added Pin To Net: NetName=NetD2_1 Pin=D2-1
Added Pin To Net: NetName=GND Pin=D2-2
Added Pin To Net: NetName=NetD3_1 Pin=D3-1
Added Pin To Net: NetName=GND Pin=D3-2
Added Pin To Net: NetName=NetD4_1 Pin=D4-1
Added Pin To Net: NetName=GND Pin=D4-2
Added Pin To Net: NetName=NetD5_1 Pin=D5-1
Added Pin To Net: NetName=NetD5_2 Pin=D5-2
Added Pin To Net: NetName=NetD7_1 Pin=D7-1
Added Pin To Net: NetName=Net*_7 Pin=D7-2
Added Pin To Net: NetName=NetD8_1 Pin=D8-1
Added Pin To Net: NetName=Net*_8 Pin=D8-2
Added Pin To Net: NetName=NetD9_1 Pin=D9-1
Added Pin To Net: NetName=Net*_9 Pin=D9-2
Added Pin To Net: NetName=NetD10_1 Pin=D10-1
Added Pin To Net: NetName=Net*_10 Pin=D10-2
Added Pin To Net: NetName=NetD11_1 Pin=D11-1
Added Pin To Net: NetName=GND Pin=D11-2
Added Pin To Net: NetName=NetD12_1 Pin=D12-1
Added Pin To Net: NetName=GND Pin=D12-2
Added Room: Name=BLUETOOTH
Added Room: Name=DACEWAVE
Added Room: Name=MCU
Added Room: Name=MOTOR_CONTROL
Added Room: Name=POWER_SUPPLY
Added Room: Name=RF
Added Room: Name=SENSOR
Added Room: Name=WIFI
